INFO:sim:172 - Generating IP...
Resolving generics for 'dataFIFO'...
Applying external generics to 'dataFIFO'...
Delivering associated files for 'dataFIFO'...
Delivering EJava files for 'dataFIFO'...
Generating implementation netlist for 'dataFIFO'...
INFO:sim - Pre-processing HDL files for 'dataFIFO'...
WARNING:sim - BlackBox generator run option '-ifmt' found multiple times. Only
   the first occurence is considered.
Running synthesis for 'dataFIFO'
Running ngcbuild...
Writing VHO instantiation template for 'dataFIFO'...
Writing VHDL behavioral simulation model for 'dataFIFO'...
WARNING:sim - Overwriting existing file
   E:/HDMI_FIFO_Test/ipcore_dir/tmp/_cg/dataFIFO/doc/fifo_generator_v9_3_vinfo.h
   tml with file from view xilinx_documentation
Delivered 3 files into directory E:/HDMI_FIFO_Test/ipcore_dir/tmp/_cg/dataFIFO
Delivered 1 file into directory E:/HDMI_FIFO_Test/ipcore_dir/tmp/_cg/dataFIFO
Generating ASY schematic symbol...
INFO:sim:949 - Finished generation of ASY schematic symbol.
Generating SYM schematic symbol for 'dataFIFO'...
Generating metadata file...
Generating ISE project file for 'dataFIFO'...
Generating ISE project...
XCO file found: dataFIFO.xco
XMDF file found: dataFIFO_xmdf.tcl
Adding E:/HDMI_FIFO_Test/ipcore_dir/tmp/_cg/dataFIFO.asy -view all -origin_type
imported
Adding E:/HDMI_FIFO_Test/ipcore_dir/tmp/_cg/dataFIFO.ngc -view all -origin_type
created
Checking file "E:/HDMI_FIFO_Test/ipcore_dir/tmp/_cg/dataFIFO.ngc" for project
device match ...
File "E:/HDMI_FIFO_Test/ipcore_dir/tmp/_cg/dataFIFO.ngc" device information
matches project device.
Adding E:/HDMI_FIFO_Test/ipcore_dir/tmp/_cg/dataFIFO.sym -view all -origin_type
imported
Adding E:/HDMI_FIFO_Test/ipcore_dir/tmp/_cg/dataFIFO.vhd -view all -origin_type
created
INFO:HDLCompiler:1061 - Parsing VHDL file
   "E:/HDMI_FIFO_Test/ipcore_dir/tmp/_cg/dataFIFO.vhd" into library work
INFO:ProjectMgmt - Parsing design hierarchy completed successfully.
Adding E:/HDMI_FIFO_Test/ipcore_dir/tmp/_cg/dataFIFO.vho -view all -origin_type
imported
INFO:TclTasksC:2116 - The automatic calculation of top has been turned-off.
   Please set the new top explicitly by running the "project set top" command.
   To re-calculate the new top automatically, set the "Auto Implementation Top"
   property to true.
Top level has been set to "/dataFIFO"
Generating README file...
Generating FLIST file...
INFO:sim:948 - Finished FLIST file generation.
Launching README viewer...
Moving files to output directory...
Finished moving files to output directory
Wrote CGP file for project 'dataFIFO'.
